{"level":"error","message":"POST /api/upload 500 13ms"}
{"level":"error","message":"POST /api/upload 500 16ms"}
{"level":"error","message":"POST /api/upload 500 18ms"}
{"level":"error","message":"POST /api/upload 500 18ms"}
{"level":"error","message":"POST /api/upload 500 12ms"}
{"level":"error","message":"POST /api/upload 500 21ms"}
{"level":"error","message":"POST /api/upload 500 19ms"}
{"level":"error","message":"POST /api/upload 500 13ms"}
{"level":"error","message":"POST /api/signup 500 36ms"}
{"level":"error","message":"POST /api/login 500 4ms"}
{"level":"error","message":"DELETE /api/task/undefined 500 6ms"}
{"level":"error","message":"DELETE /api/task/undefined 500 3ms"}
{"level":"error","message":"POST /api/task 500 19ms"}
{"level":"error","message":"POST /api/login 500 16ms"}
{"level":"error","message":"POST /api/login 500 4ms"}
{"level":"error","message":"POST /api/login 500 7ms"}
{"level":"error","message":"POST /api/login 500 4ms"}
{"level":"error","message":"POST /api/login 500 4ms"}
{"level":"error","message":"POST /api/login 500 8ms"}
{"level":"error","message":"POST /api/login 500 24ms"}
{"level":"error","message":"POST /api/login 500 28ms"}
{"level":"error","message":"POST /api/login 500 28ms"}
{"level":"error","message":"POST /api/login 500 17ms"}
{"level":"error","message":"POST /api/login 500 31ms"}
{"level":"error","message":"POST /api/login 500 25ms"}
{"level":"error","message":"POST /api/login 500 23ms"}
{"level":"error","message":"POST /api/login 500 28ms"}
{"level":"error","message":"POST /api/login 500 7ms"}
{"level":"error","message":"POST /api/comment 500 38ms"}
{"level":"error","message":"POST /api/task 500 36ms"}
{"level":"error","message":"POST /api/task 500 16ms"}
{"level":"error","message":"POST /api/task 500 18ms"}
{"level":"error","message":"PUT /api/task/640a0d0c3b6d77f6e32a2f34 500 23ms"}
{"level":"error","message":"PUT /api/task/640991b41d6cdc47c331aff1 500 19ms"}
{"level":"error","message":"PUT /api/task/640991b41d6cdc47c331aff1 500 27ms"}
{"level":"error","message":"PUT /api/task/640991b41d6cdc47c331aff1 500 21ms"}
{"level":"error","message":"PUT /api/task/640991b41d6cdc47c331aff1 500 15ms"}
{"level":"error","message":"PUT /api/task/640991b41d6cdc47c331aff1 500 17ms"}
{"level":"error","message":"POST /api/task 500 27ms"}
{"level":"error","message":"POST /api/task 500 10ms"}
{"level":"error","message":"POST /api/tasks/dragdroporder 500 48ms"}
{"level":"error","message":"POST /api/tasks/dragdroporder 500 7ms"}
{"level":"error","message":"POST /api/task 500 60ms"}
{"level":"error","message":"POST /api/task 500 18ms"}
{"level":"error","message":"POST /api/login 500 118ms"}
{"level":"error","message":"POST /api/task 500 14ms"}
{"level":"error","message":"POST /api/task 500 9ms"}
{"level":"error","message":"POST /api/task 500 12ms"}
{"level":"error","message":"POST /api/task 500 11ms"}
{"level":"error","message":"PUT /api/task/undefined 500 16ms"}
{"level":"error","message":"PUT /api/task/undefined 500 3ms"}
{"level":"error","message":"PUT /api/task/undefined 500 2ms"}
{"level":"error","message":"PUT /api/task/undefined 500 3ms"}
{"level":"error","message":"PUT /api/task/undefined 500 2ms"}
{"level":"error","message":"PUT /api/task/undefined 500 21ms"}
{"level":"error","message":"PUT /api/task/undefined 500 2ms"}
{"level":"error","message":"PUT /api/task/undefined 500 4ms"}
